2021-06-21T14:28:47+00:00 CRITICAL Uncaught Error: Call to undefined function wp_get_cart_url() in /var/www/html/TRAINING/WORDPRESS/tuto_woocommerce/wp-content/themes/woocommerce-shop/header.php:42
Stack trace:
#0 /var/www/html/TRAINING/WORDPRESS/tuto_woocommerce/wp-includes/template.php(730): require_once()
#1 /var/www/html/TRAINING/WORDPRESS/tuto_woocommerce/wp-includes/template.php(676): load_template()
#2 /var/www/html/TRAINING/WORDPRESS/tuto_woocommerce/wp-includes/general-template.php(48): locate_template()
#3 /var/www/html/TRAINING/WORDPRESS/tuto_woocommerce/wp-content/themes/woocommerce-shop/woocommerce.php(1): get_header()
#4 /var/www/html/TRAINING/WORDPRESS/tuto_woocommerce/wp-includes/template-loader.php(106): include('/var/www/html/T...')
#5 /var/www/html/TRAINING/WORDPRESS/tuto_woocommerce/wp-blog-header.php(19): require_once('/var/www/html/T...')
#6 /var/www/html/TRAINING/WORDPRESS/tuto_woocommerce/index.php(17): require('/var/www/html/T...')
#7 {main}
  thrown in /var/www/html/TRAINING/WORDPRESS/tuto_woocommerce/wp-content/themes/woocommerce-shop/header.php on line 42

2021-06-21T14:29:54+00:00 CRITICAL Uncaught Error: Call to undefined function wp_get_cart_url() in /var/www/html/TRAINING/WORDPRESS/tuto_woocommerce/wp-content/themes/woocommerce-shop/header.php:42
Stack trace:
#0 /var/www/html/TRAINING/WORDPRESS/tuto_woocommerce/wp-includes/template.php(730): require_once()
#1 /var/www/html/TRAINING/WORDPRESS/tuto_woocommerce/wp-includes/template.php(676): load_template()
#2 /var/www/html/TRAINING/WORDPRESS/tuto_woocommerce/wp-includes/general-template.php(48): locate_template()
#3 /var/www/html/TRAINING/WORDPRESS/tuto_woocommerce/wp-content/themes/woocommerce-shop/woocommerce.php(1): get_header()
#4 /var/www/html/TRAINING/WORDPRESS/tuto_woocommerce/wp-includes/template-loader.php(106): include('/var/www/html/T...')
#5 /var/www/html/TRAINING/WORDPRESS/tuto_woocommerce/wp-blog-header.php(19): require_once('/var/www/html/T...')
#6 /var/www/html/TRAINING/WORDPRESS/tuto_woocommerce/index.php(17): require('/var/www/html/T...')
#7 {main}
  thrown in /var/www/html/TRAINING/WORDPRESS/tuto_woocommerce/wp-content/themes/woocommerce-shop/header.php on line 42

2021-06-21T14:33:34+00:00 CRITICAL Uncaught Error: Call to undefined function wp_get_cart_url() in /var/www/html/TRAINING/WORDPRESS/tuto_woocommerce/wp-content/themes/woocommerce-shop/header.php:42
Stack trace:
#0 /var/www/html/TRAINING/WORDPRESS/tuto_woocommerce/wp-includes/template.php(730): require_once()
#1 /var/www/html/TRAINING/WORDPRESS/tuto_woocommerce/wp-includes/template.php(676): load_template()
#2 /var/www/html/TRAINING/WORDPRESS/tuto_woocommerce/wp-includes/general-template.php(48): locate_template()
#3 /var/www/html/TRAINING/WORDPRESS/tuto_woocommerce/wp-content/themes/woocommerce-shop/woocommerce.php(1): get_header()
#4 /var/www/html/TRAINING/WORDPRESS/tuto_woocommerce/wp-includes/template-loader.php(106): include('/var/www/html/T...')
#5 /var/www/html/TRAINING/WORDPRESS/tuto_woocommerce/wp-blog-header.php(19): require_once('/var/www/html/T...')
#6 /var/www/html/TRAINING/WORDPRESS/tuto_woocommerce/index.php(17): require('/var/www/html/T...')
#7 {main}
  thrown in /var/www/html/TRAINING/WORDPRESS/tuto_woocommerce/wp-content/themes/woocommerce-shop/header.php on line 42

2021-06-21T14:33:45+00:00 CRITICAL Uncaught Error: Call to undefined function wp_get_cart_url() in /var/www/html/TRAINING/WORDPRESS/tuto_woocommerce/wp-content/themes/woocommerce-shop/header.php:42
Stack trace:
#0 /var/www/html/TRAINING/WORDPRESS/tuto_woocommerce/wp-includes/template.php(730): require_once()
#1 /var/www/html/TRAINING/WORDPRESS/tuto_woocommerce/wp-includes/template.php(676): load_template()
#2 /var/www/html/TRAINING/WORDPRESS/tuto_woocommerce/wp-includes/general-template.php(48): locate_template()
#3 /var/www/html/TRAINING/WORDPRESS/tuto_woocommerce/wp-content/themes/woocommerce-shop/woocommerce.php(1): get_header()
#4 /var/www/html/TRAINING/WORDPRESS/tuto_woocommerce/wp-includes/template-loader.php(106): include('/var/www/html/T...')
#5 /var/www/html/TRAINING/WORDPRESS/tuto_woocommerce/wp-blog-header.php(19): require_once('/var/www/html/T...')
#6 /var/www/html/TRAINING/WORDPRESS/tuto_woocommerce/index.php(17): require('/var/www/html/T...')
#7 {main}
  thrown in /var/www/html/TRAINING/WORDPRESS/tuto_woocommerce/wp-content/themes/woocommerce-shop/header.php on line 42

2021-06-21T14:33:51+00:00 CRITICAL Uncaught Error: Call to undefined function wp_get_cart_url() in /var/www/html/TRAINING/WORDPRESS/tuto_woocommerce/wp-content/themes/woocommerce-shop/header.php:42
Stack trace:
#0 /var/www/html/TRAINING/WORDPRESS/tuto_woocommerce/wp-includes/template.php(730): require_once()
#1 /var/www/html/TRAINING/WORDPRESS/tuto_woocommerce/wp-includes/template.php(676): load_template()
#2 /var/www/html/TRAINING/WORDPRESS/tuto_woocommerce/wp-includes/general-template.php(48): locate_template()
#3 /var/www/html/TRAINING/WORDPRESS/tuto_woocommerce/wp-content/themes/woocommerce-shop/page.php(1): get_header()
#4 /var/www/html/TRAINING/WORDPRESS/tuto_woocommerce/wp-includes/template-loader.php(106): include('/var/www/html/T...')
#5 /var/www/html/TRAINING/WORDPRESS/tuto_woocommerce/wp-blog-header.php(19): require_once('/var/www/html/T...')
#6 /var/www/html/TRAINING/WORDPRESS/tuto_woocommerce/index.php(17): require('/var/www/html/T...')
#7 {main}
  thrown in /var/www/html/TRAINING/WORDPRESS/tuto_woocommerce/wp-content/themes/woocommerce-shop/header.php on line 42

2021-06-21T14:33:54+00:00 CRITICAL Uncaught Error: Call to undefined function wp_get_cart_url() in /var/www/html/TRAINING/WORDPRESS/tuto_woocommerce/wp-content/themes/woocommerce-shop/header.php:42
Stack trace:
#0 /var/www/html/TRAINING/WORDPRESS/tuto_woocommerce/wp-includes/template.php(730): require_once()
#1 /var/www/html/TRAINING/WORDPRESS/tuto_woocommerce/wp-includes/template.php(676): load_template()
#2 /var/www/html/TRAINING/WORDPRESS/tuto_woocommerce/wp-includes/general-template.php(48): locate_template()
#3 /var/www/html/TRAINING/WORDPRESS/tuto_woocommerce/wp-content/themes/woocommerce-shop/woocommerce.php(1): get_header()
#4 /var/www/html/TRAINING/WORDPRESS/tuto_woocommerce/wp-includes/template-loader.php(106): include('/var/www/html/T...')
#5 /var/www/html/TRAINING/WORDPRESS/tuto_woocommerce/wp-blog-header.php(19): require_once('/var/www/html/T...')
#6 /var/www/html/TRAINING/WORDPRESS/tuto_woocommerce/index.php(17): require('/var/www/html/T...')
#7 {main}
  thrown in /var/www/html/TRAINING/WORDPRESS/tuto_woocommerce/wp-content/themes/woocommerce-shop/header.php on line 42

2021-06-21T14:33:56+00:00 CRITICAL Uncaught Error: Call to undefined function wp_get_cart_url() in /var/www/html/TRAINING/WORDPRESS/tuto_woocommerce/wp-content/themes/woocommerce-shop/header.php:42
Stack trace:
#0 /var/www/html/TRAINING/WORDPRESS/tuto_woocommerce/wp-includes/template.php(730): require_once()
#1 /var/www/html/TRAINING/WORDPRESS/tuto_woocommerce/wp-includes/template.php(676): load_template()
#2 /var/www/html/TRAINING/WORDPRESS/tuto_woocommerce/wp-includes/general-template.php(48): locate_template()
#3 /var/www/html/TRAINING/WORDPRESS/tuto_woocommerce/wp-content/themes/woocommerce-shop/page.php(1): get_header()
#4 /var/www/html/TRAINING/WORDPRESS/tuto_woocommerce/wp-includes/template-loader.php(106): include('/var/www/html/T...')
#5 /var/www/html/TRAINING/WORDPRESS/tuto_woocommerce/wp-blog-header.php(19): require_once('/var/www/html/T...')
#6 /var/www/html/TRAINING/WORDPRESS/tuto_woocommerce/index.php(17): require('/var/www/html/T...')
#7 {main}
  thrown in /var/www/html/TRAINING/WORDPRESS/tuto_woocommerce/wp-content/themes/woocommerce-shop/header.php on line 42

2021-06-21T14:33:58+00:00 CRITICAL Uncaught Error: Call to undefined function wp_get_cart_url() in /var/www/html/TRAINING/WORDPRESS/tuto_woocommerce/wp-content/themes/woocommerce-shop/header.php:42
Stack trace:
#0 /var/www/html/TRAINING/WORDPRESS/tuto_woocommerce/wp-includes/template.php(730): require_once()
#1 /var/www/html/TRAINING/WORDPRESS/tuto_woocommerce/wp-includes/template.php(676): load_template()
#2 /var/www/html/TRAINING/WORDPRESS/tuto_woocommerce/wp-includes/general-template.php(48): locate_template()
#3 /var/www/html/TRAINING/WORDPRESS/tuto_woocommerce/wp-content/themes/woocommerce-shop/page.php(1): get_header()
#4 /var/www/html/TRAINING/WORDPRESS/tuto_woocommerce/wp-includes/template-loader.php(106): include('/var/www/html/T...')
#5 /var/www/html/TRAINING/WORDPRESS/tuto_woocommerce/wp-blog-header.php(19): require_once('/var/www/html/T...')
#6 /var/www/html/TRAINING/WORDPRESS/tuto_woocommerce/index.php(17): require('/var/www/html/T...')
#7 {main}
  thrown in /var/www/html/TRAINING/WORDPRESS/tuto_woocommerce/wp-content/themes/woocommerce-shop/header.php on line 42

2021-06-21T14:33:59+00:00 CRITICAL Uncaught Error: Call to undefined function wp_get_cart_url() in /var/www/html/TRAINING/WORDPRESS/tuto_woocommerce/wp-content/themes/woocommerce-shop/header.php:42
Stack trace:
#0 /var/www/html/TRAINING/WORDPRESS/tuto_woocommerce/wp-includes/template.php(730): require_once()
#1 /var/www/html/TRAINING/WORDPRESS/tuto_woocommerce/wp-includes/template.php(676): load_template()
#2 /var/www/html/TRAINING/WORDPRESS/tuto_woocommerce/wp-includes/general-template.php(48): locate_template()
#3 /var/www/html/TRAINING/WORDPRESS/tuto_woocommerce/wp-content/themes/woocommerce-shop/page.php(1): get_header()
#4 /var/www/html/TRAINING/WORDPRESS/tuto_woocommerce/wp-includes/template-loader.php(106): include('/var/www/html/T...')
#5 /var/www/html/TRAINING/WORDPRESS/tuto_woocommerce/wp-blog-header.php(19): require_once('/var/www/html/T...')
#6 /var/www/html/TRAINING/WORDPRESS/tuto_woocommerce/index.php(17): require('/var/www/html/T...')
#7 {main}
  thrown in /var/www/html/TRAINING/WORDPRESS/tuto_woocommerce/wp-content/themes/woocommerce-shop/header.php on line 42

2021-06-21T14:34:00+00:00 CRITICAL Uncaught Error: Call to undefined function wp_get_cart_url() in /var/www/html/TRAINING/WORDPRESS/tuto_woocommerce/wp-content/themes/woocommerce-shop/header.php:42
Stack trace:
#0 /var/www/html/TRAINING/WORDPRESS/tuto_woocommerce/wp-includes/template.php(730): require_once()
#1 /var/www/html/TRAINING/WORDPRESS/tuto_woocommerce/wp-includes/template.php(676): load_template()
#2 /var/www/html/TRAINING/WORDPRESS/tuto_woocommerce/wp-includes/general-template.php(48): locate_template()
#3 /var/www/html/TRAINING/WORDPRESS/tuto_woocommerce/wp-content/themes/woocommerce-shop/woocommerce.php(1): get_header()
#4 /var/www/html/TRAINING/WORDPRESS/tuto_woocommerce/wp-includes/template-loader.php(106): include('/var/www/html/T...')
#5 /var/www/html/TRAINING/WORDPRESS/tuto_woocommerce/wp-blog-header.php(19): require_once('/var/www/html/T...')
#6 /var/www/html/TRAINING/WORDPRESS/tuto_woocommerce/index.php(17): require('/var/www/html/T...')
#7 {main}
  thrown in /var/www/html/TRAINING/WORDPRESS/tuto_woocommerce/wp-content/themes/woocommerce-shop/header.php on line 42

2021-06-21T14:34:42+00:00 CRITICAL Uncaught Error: Call to undefined function wp_get_cart_url() in /var/www/html/TRAINING/WORDPRESS/tuto_woocommerce/wp-content/themes/woocommerce-shop/header.php:42
Stack trace:
#0 /var/www/html/TRAINING/WORDPRESS/tuto_woocommerce/wp-includes/template.php(730): require_once()
#1 /var/www/html/TRAINING/WORDPRESS/tuto_woocommerce/wp-includes/template.php(676): load_template()
#2 /var/www/html/TRAINING/WORDPRESS/tuto_woocommerce/wp-includes/general-template.php(48): locate_template()
#3 /var/www/html/TRAINING/WORDPRESS/tuto_woocommerce/wp-content/themes/woocommerce-shop/woocommerce.php(1): get_header()
#4 /var/www/html/TRAINING/WORDPRESS/tuto_woocommerce/wp-includes/template-loader.php(106): include('/var/www/html/T...')
#5 /var/www/html/TRAINING/WORDPRESS/tuto_woocommerce/wp-blog-header.php(19): require_once('/var/www/html/T...')
#6 /var/www/html/TRAINING/WORDPRESS/tuto_woocommerce/index.php(17): require('/var/www/html/T...')
#7 {main}
  thrown in /var/www/html/TRAINING/WORDPRESS/tuto_woocommerce/wp-content/themes/woocommerce-shop/header.php on line 42

2021-06-21T14:34:45+00:00 CRITICAL Uncaught Error: Call to undefined function wp_get_cart_url() in /var/www/html/TRAINING/WORDPRESS/tuto_woocommerce/wp-content/themes/woocommerce-shop/header.php:42
Stack trace:
#0 /var/www/html/TRAINING/WORDPRESS/tuto_woocommerce/wp-includes/template.php(730): require_once()
#1 /var/www/html/TRAINING/WORDPRESS/tuto_woocommerce/wp-includes/template.php(676): load_template()
#2 /var/www/html/TRAINING/WORDPRESS/tuto_woocommerce/wp-includes/general-template.php(48): locate_template()
#3 /var/www/html/TRAINING/WORDPRESS/tuto_woocommerce/wp-content/themes/woocommerce-shop/woocommerce.php(1): get_header()
#4 /var/www/html/TRAINING/WORDPRESS/tuto_woocommerce/wp-includes/template-loader.php(106): include('/var/www/html/T...')
#5 /var/www/html/TRAINING/WORDPRESS/tuto_woocommerce/wp-blog-header.php(19): require_once('/var/www/html/T...')
#6 /var/www/html/TRAINING/WORDPRESS/tuto_woocommerce/index.php(17): require('/var/www/html/T...')
#7 {main}
  thrown in /var/www/html/TRAINING/WORDPRESS/tuto_woocommerce/wp-content/themes/woocommerce-shop/header.php on line 42

2021-06-21T14:35:00+00:00 CRITICAL Uncaught Error: Call to undefined function wp_get_cart_url() in /var/www/html/TRAINING/WORDPRESS/tuto_woocommerce/wp-content/themes/woocommerce-shop/header.php:42
Stack trace:
#0 /var/www/html/TRAINING/WORDPRESS/tuto_woocommerce/wp-includes/template.php(730): require_once()
#1 /var/www/html/TRAINING/WORDPRESS/tuto_woocommerce/wp-includes/template.php(676): load_template()
#2 /var/www/html/TRAINING/WORDPRESS/tuto_woocommerce/wp-includes/general-template.php(48): locate_template()
#3 /var/www/html/TRAINING/WORDPRESS/tuto_woocommerce/wp-content/themes/woocommerce-shop/front-page.php(1): get_header()
#4 /var/www/html/TRAINING/WORDPRESS/tuto_woocommerce/wp-includes/template-loader.php(106): include('/var/www/html/T...')
#5 /var/www/html/TRAINING/WORDPRESS/tuto_woocommerce/wp-blog-header.php(19): require_once('/var/www/html/T...')
#6 /var/www/html/TRAINING/WORDPRESS/tuto_woocommerce/index.php(17): require('/var/www/html/T...')
#7 {main}
  thrown in /var/www/html/TRAINING/WORDPRESS/tuto_woocommerce/wp-content/themes/woocommerce-shop/header.php on line 42

2021-06-21T14:35:35+00:00 CRITICAL Uncaught Error: Call to undefined function wp_get_cart_url() in /var/www/html/TRAINING/WORDPRESS/tuto_woocommerce/wp-content/themes/woocommerce-shop/header.php:42
Stack trace:
#0 /var/www/html/TRAINING/WORDPRESS/tuto_woocommerce/wp-includes/template.php(730): require_once()
#1 /var/www/html/TRAINING/WORDPRESS/tuto_woocommerce/wp-includes/template.php(676): load_template()
#2 /var/www/html/TRAINING/WORDPRESS/tuto_woocommerce/wp-includes/general-template.php(48): locate_template()
#3 /var/www/html/TRAINING/WORDPRESS/tuto_woocommerce/wp-content/themes/woocommerce-shop/woocommerce.php(1): get_header()
#4 /var/www/html/TRAINING/WORDPRESS/tuto_woocommerce/wp-includes/template-loader.php(106): include('/var/www/html/T...')
#5 /var/www/html/TRAINING/WORDPRESS/tuto_woocommerce/wp-blog-header.php(19): require_once('/var/www/html/T...')
#6 /var/www/html/TRAINING/WORDPRESS/tuto_woocommerce/index.php(17): require('/var/www/html/T...')
#7 {main}
  thrown in /var/www/html/TRAINING/WORDPRESS/tuto_woocommerce/wp-content/themes/woocommerce-shop/header.php on line 42

2021-06-21T14:35:36+00:00 CRITICAL Uncaught Error: Call to undefined function wp_get_cart_url() in /var/www/html/TRAINING/WORDPRESS/tuto_woocommerce/wp-content/themes/woocommerce-shop/header.php:42
Stack trace:
#0 /var/www/html/TRAINING/WORDPRESS/tuto_woocommerce/wp-includes/template.php(730): require_once()
#1 /var/www/html/TRAINING/WORDPRESS/tuto_woocommerce/wp-includes/template.php(676): load_template()
#2 /var/www/html/TRAINING/WORDPRESS/tuto_woocommerce/wp-includes/general-template.php(48): locate_template()
#3 /var/www/html/TRAINING/WORDPRESS/tuto_woocommerce/wp-content/themes/woocommerce-shop/woocommerce.php(1): get_header()
#4 /var/www/html/TRAINING/WORDPRESS/tuto_woocommerce/wp-includes/template-loader.php(106): include('/var/www/html/T...')
#5 /var/www/html/TRAINING/WORDPRESS/tuto_woocommerce/wp-blog-header.php(19): require_once('/var/www/html/T...')
#6 /var/www/html/TRAINING/WORDPRESS/tuto_woocommerce/index.php(17): require('/var/www/html/T...')
#7 {main}
  thrown in /var/www/html/TRAINING/WORDPRESS/tuto_woocommerce/wp-content/themes/woocommerce-shop/header.php on line 42

2021-06-21T14:35:37+00:00 CRITICAL Uncaught Error: Call to undefined function wp_get_cart_url() in /var/www/html/TRAINING/WORDPRESS/tuto_woocommerce/wp-content/themes/woocommerce-shop/header.php:42
Stack trace:
#0 /var/www/html/TRAINING/WORDPRESS/tuto_woocommerce/wp-includes/template.php(730): require_once()
#1 /var/www/html/TRAINING/WORDPRESS/tuto_woocommerce/wp-includes/template.php(676): load_template()
#2 /var/www/html/TRAINING/WORDPRESS/tuto_woocommerce/wp-includes/general-template.php(48): locate_template()
#3 /var/www/html/TRAINING/WORDPRESS/tuto_woocommerce/wp-content/themes/woocommerce-shop/woocommerce.php(1): get_header()
#4 /var/www/html/TRAINING/WORDPRESS/tuto_woocommerce/wp-includes/template-loader.php(106): include('/var/www/html/T...')
#5 /var/www/html/TRAINING/WORDPRESS/tuto_woocommerce/wp-blog-header.php(19): require_once('/var/www/html/T...')
#6 /var/www/html/TRAINING/WORDPRESS/tuto_woocommerce/index.php(17): require('/var/www/html/T...')
#7 {main}
  thrown in /var/www/html/TRAINING/WORDPRESS/tuto_woocommerce/wp-content/themes/woocommerce-shop/header.php on line 42

2021-06-21T14:35:40+00:00 CRITICAL Uncaught Error: Call to undefined function wp_get_cart_url() in /var/www/html/TRAINING/WORDPRESS/tuto_woocommerce/wp-content/themes/woocommerce-shop/header.php:42
Stack trace:
#0 /var/www/html/TRAINING/WORDPRESS/tuto_woocommerce/wp-includes/template.php(730): require_once()
#1 /var/www/html/TRAINING/WORDPRESS/tuto_woocommerce/wp-includes/template.php(676): load_template()
#2 /var/www/html/TRAINING/WORDPRESS/tuto_woocommerce/wp-includes/general-template.php(48): locate_template()
#3 /var/www/html/TRAINING/WORDPRESS/tuto_woocommerce/wp-content/themes/woocommerce-shop/front-page.php(1): get_header()
#4 /var/www/html/TRAINING/WORDPRESS/tuto_woocommerce/wp-includes/template-loader.php(106): include('/var/www/html/T...')
#5 /var/www/html/TRAINING/WORDPRESS/tuto_woocommerce/wp-blog-header.php(19): require_once('/var/www/html/T...')
#6 /var/www/html/TRAINING/WORDPRESS/tuto_woocommerce/index.php(17): require('/var/www/html/T...')
#7 {main}
  thrown in /var/www/html/TRAINING/WORDPRESS/tuto_woocommerce/wp-content/themes/woocommerce-shop/header.php on line 42

2021-06-21T14:35:41+00:00 CRITICAL Uncaught Error: Call to undefined function wp_get_cart_url() in /var/www/html/TRAINING/WORDPRESS/tuto_woocommerce/wp-content/themes/woocommerce-shop/header.php:42
Stack trace:
#0 /var/www/html/TRAINING/WORDPRESS/tuto_woocommerce/wp-includes/template.php(730): require_once()
#1 /var/www/html/TRAINING/WORDPRESS/tuto_woocommerce/wp-includes/template.php(676): load_template()
#2 /var/www/html/TRAINING/WORDPRESS/tuto_woocommerce/wp-includes/general-template.php(48): locate_template()
#3 /var/www/html/TRAINING/WORDPRESS/tuto_woocommerce/wp-content/themes/woocommerce-shop/woocommerce.php(1): get_header()
#4 /var/www/html/TRAINING/WORDPRESS/tuto_woocommerce/wp-includes/template-loader.php(106): include('/var/www/html/T...')
#5 /var/www/html/TRAINING/WORDPRESS/tuto_woocommerce/wp-blog-header.php(19): require_once('/var/www/html/T...')
#6 /var/www/html/TRAINING/WORDPRESS/tuto_woocommerce/index.php(17): require('/var/www/html/T...')
#7 {main}
  thrown in /var/www/html/TRAINING/WORDPRESS/tuto_woocommerce/wp-content/themes/woocommerce-shop/header.php on line 42

2021-06-21T14:38:32+00:00 CRITICAL Uncaught Error: Call to undefined function wp_get_cart_url() in /var/www/html/TRAINING/WORDPRESS/tuto_woocommerce/wp-content/themes/woocommerce-shop/header.php:42
Stack trace:
#0 /var/www/html/TRAINING/WORDPRESS/tuto_woocommerce/wp-includes/template.php(730): require_once()
#1 /var/www/html/TRAINING/WORDPRESS/tuto_woocommerce/wp-includes/template.php(676): load_template()
#2 /var/www/html/TRAINING/WORDPRESS/tuto_woocommerce/wp-includes/general-template.php(48): locate_template()
#3 /var/www/html/TRAINING/WORDPRESS/tuto_woocommerce/wp-content/themes/woocommerce-shop/woocommerce.php(1): get_header()
#4 /var/www/html/TRAINING/WORDPRESS/tuto_woocommerce/wp-includes/template-loader.php(106): include('/var/www/html/T...')
#5 /var/www/html/TRAINING/WORDPRESS/tuto_woocommerce/wp-blog-header.php(19): require_once('/var/www/html/T...')
#6 /var/www/html/TRAINING/WORDPRESS/tuto_woocommerce/index.php(17): require('/var/www/html/T...')
#7 {main}
  thrown in /var/www/html/TRAINING/WORDPRESS/tuto_woocommerce/wp-content/themes/woocommerce-shop/header.php on line 42

2021-06-21T14:38:34+00:00 CRITICAL Uncaught Error: Call to undefined function wp_get_cart_url() in /var/www/html/TRAINING/WORDPRESS/tuto_woocommerce/wp-content/themes/woocommerce-shop/header.php:42
Stack trace:
#0 /var/www/html/TRAINING/WORDPRESS/tuto_woocommerce/wp-includes/template.php(730): require_once()
#1 /var/www/html/TRAINING/WORDPRESS/tuto_woocommerce/wp-includes/template.php(676): load_template()
#2 /var/www/html/TRAINING/WORDPRESS/tuto_woocommerce/wp-includes/general-template.php(48): locate_template()
#3 /var/www/html/TRAINING/WORDPRESS/tuto_woocommerce/wp-content/themes/woocommerce-shop/woocommerce.php(1): get_header()
#4 /var/www/html/TRAINING/WORDPRESS/tuto_woocommerce/wp-includes/template-loader.php(106): include('/var/www/html/T...')
#5 /var/www/html/TRAINING/WORDPRESS/tuto_woocommerce/wp-blog-header.php(19): require_once('/var/www/html/T...')
#6 /var/www/html/TRAINING/WORDPRESS/tuto_woocommerce/index.php(17): require('/var/www/html/T...')
#7 {main}
  thrown in /var/www/html/TRAINING/WORDPRESS/tuto_woocommerce/wp-content/themes/woocommerce-shop/header.php on line 42

2021-06-21T14:38:37+00:00 CRITICAL Uncaught Error: Call to undefined function wp_get_cart_url() in /var/www/html/TRAINING/WORDPRESS/tuto_woocommerce/wp-content/themes/woocommerce-shop/header.php:42
Stack trace:
#0 /var/www/html/TRAINING/WORDPRESS/tuto_woocommerce/wp-includes/template.php(730): require_once()
#1 /var/www/html/TRAINING/WORDPRESS/tuto_woocommerce/wp-includes/template.php(676): load_template()
#2 /var/www/html/TRAINING/WORDPRESS/tuto_woocommerce/wp-includes/general-template.php(48): locate_template()
#3 /var/www/html/TRAINING/WORDPRESS/tuto_woocommerce/wp-content/themes/woocommerce-shop/page.php(1): get_header()
#4 /var/www/html/TRAINING/WORDPRESS/tuto_woocommerce/wp-includes/template-loader.php(106): include('/var/www/html/T...')
#5 /var/www/html/TRAINING/WORDPRESS/tuto_woocommerce/wp-blog-header.php(19): require_once('/var/www/html/T...')
#6 /var/www/html/TRAINING/WORDPRESS/tuto_woocommerce/index.php(17): require('/var/www/html/T...')
#7 {main}
  thrown in /var/www/html/TRAINING/WORDPRESS/tuto_woocommerce/wp-content/themes/woocommerce-shop/header.php on line 42

2021-06-21T14:38:38+00:00 CRITICAL Uncaught Error: Call to undefined function wp_get_cart_url() in /var/www/html/TRAINING/WORDPRESS/tuto_woocommerce/wp-content/themes/woocommerce-shop/header.php:42
Stack trace:
#0 /var/www/html/TRAINING/WORDPRESS/tuto_woocommerce/wp-includes/template.php(730): require_once()
#1 /var/www/html/TRAINING/WORDPRESS/tuto_woocommerce/wp-includes/template.php(676): load_template()
#2 /var/www/html/TRAINING/WORDPRESS/tuto_woocommerce/wp-includes/general-template.php(48): locate_template()
#3 /var/www/html/TRAINING/WORDPRESS/tuto_woocommerce/wp-content/themes/woocommerce-shop/page.php(1): get_header()
#4 /var/www/html/TRAINING/WORDPRESS/tuto_woocommerce/wp-includes/template-loader.php(106): include('/var/www/html/T...')
#5 /var/www/html/TRAINING/WORDPRESS/tuto_woocommerce/wp-blog-header.php(19): require_once('/var/www/html/T...')
#6 /var/www/html/TRAINING/WORDPRESS/tuto_woocommerce/index.php(17): require('/var/www/html/T...')
#7 {main}
  thrown in /var/www/html/TRAINING/WORDPRESS/tuto_woocommerce/wp-content/themes/woocommerce-shop/header.php on line 42

2021-06-21T14:38:39+00:00 CRITICAL Uncaught Error: Call to undefined function wp_get_cart_url() in /var/www/html/TRAINING/WORDPRESS/tuto_woocommerce/wp-content/themes/woocommerce-shop/header.php:42
Stack trace:
#0 /var/www/html/TRAINING/WORDPRESS/tuto_woocommerce/wp-includes/template.php(730): require_once()
#1 /var/www/html/TRAINING/WORDPRESS/tuto_woocommerce/wp-includes/template.php(676): load_template()
#2 /var/www/html/TRAINING/WORDPRESS/tuto_woocommerce/wp-includes/general-template.php(48): locate_template()
#3 /var/www/html/TRAINING/WORDPRESS/tuto_woocommerce/wp-content/themes/woocommerce-shop/page.php(1): get_header()
#4 /var/www/html/TRAINING/WORDPRESS/tuto_woocommerce/wp-includes/template-loader.php(106): include('/var/www/html/T...')
#5 /var/www/html/TRAINING/WORDPRESS/tuto_woocommerce/wp-blog-header.php(19): require_once('/var/www/html/T...')
#6 /var/www/html/TRAINING/WORDPRESS/tuto_woocommerce/index.php(17): require('/var/www/html/T...')
#7 {main}
  thrown in /var/www/html/TRAINING/WORDPRESS/tuto_woocommerce/wp-content/themes/woocommerce-shop/header.php on line 42

2021-06-21T14:38:40+00:00 CRITICAL Uncaught Error: Call to undefined function wp_get_cart_url() in /var/www/html/TRAINING/WORDPRESS/tuto_woocommerce/wp-content/themes/woocommerce-shop/header.php:42
Stack trace:
#0 /var/www/html/TRAINING/WORDPRESS/tuto_woocommerce/wp-includes/template.php(730): require_once()
#1 /var/www/html/TRAINING/WORDPRESS/tuto_woocommerce/wp-includes/template.php(676): load_template()
#2 /var/www/html/TRAINING/WORDPRESS/tuto_woocommerce/wp-includes/general-template.php(48): locate_template()
#3 /var/www/html/TRAINING/WORDPRESS/tuto_woocommerce/wp-content/themes/woocommerce-shop/woocommerce.php(1): get_header()
#4 /var/www/html/TRAINING/WORDPRESS/tuto_woocommerce/wp-includes/template-loader.php(106): include('/var/www/html/T...')
#5 /var/www/html/TRAINING/WORDPRESS/tuto_woocommerce/wp-blog-header.php(19): require_once('/var/www/html/T...')
#6 /var/www/html/TRAINING/WORDPRESS/tuto_woocommerce/index.php(17): require('/var/www/html/T...')
#7 {main}
  thrown in /var/www/html/TRAINING/WORDPRESS/tuto_woocommerce/wp-content/themes/woocommerce-shop/header.php on line 42

2021-06-21T14:38:43+00:00 CRITICAL Uncaught Error: Call to undefined function wp_get_cart_url() in /var/www/html/TRAINING/WORDPRESS/tuto_woocommerce/wp-content/themes/woocommerce-shop/header.php:42
Stack trace:
#0 /var/www/html/TRAINING/WORDPRESS/tuto_woocommerce/wp-includes/template.php(730): require_once()
#1 /var/www/html/TRAINING/WORDPRESS/tuto_woocommerce/wp-includes/template.php(676): load_template()
#2 /var/www/html/TRAINING/WORDPRESS/tuto_woocommerce/wp-includes/general-template.php(48): locate_template()
#3 /var/www/html/TRAINING/WORDPRESS/tuto_woocommerce/wp-content/themes/woocommerce-shop/woocommerce.php(1): get_header()
#4 /var/www/html/TRAINING/WORDPRESS/tuto_woocommerce/wp-includes/template-loader.php(106): include('/var/www/html/T...')
#5 /var/www/html/TRAINING/WORDPRESS/tuto_woocommerce/wp-blog-header.php(19): require_once('/var/www/html/T...')
#6 /var/www/html/TRAINING/WORDPRESS/tuto_woocommerce/index.php(17): require('/var/www/html/T...')
#7 {main}
  thrown in /var/www/html/TRAINING/WORDPRESS/tuto_woocommerce/wp-content/themes/woocommerce-shop/header.php on line 42

2021-06-21T14:39:18+00:00 CRITICAL Uncaught Error: Call to undefined function wp_get_cart_url() in /var/www/html/TRAINING/WORDPRESS/tuto_woocommerce/wp-content/themes/woocommerce-shop/header.php:42
Stack trace:
#0 /var/www/html/TRAINING/WORDPRESS/tuto_woocommerce/wp-includes/template.php(730): require_once()
#1 /var/www/html/TRAINING/WORDPRESS/tuto_woocommerce/wp-includes/template.php(676): load_template()
#2 /var/www/html/TRAINING/WORDPRESS/tuto_woocommerce/wp-includes/general-template.php(48): locate_template()
#3 /var/www/html/TRAINING/WORDPRESS/tuto_woocommerce/wp-content/themes/woocommerce-shop/woocommerce.php(1): get_header()
#4 /var/www/html/TRAINING/WORDPRESS/tuto_woocommerce/wp-includes/template-loader.php(106): include('/var/www/html/T...')
#5 /var/www/html/TRAINING/WORDPRESS/tuto_woocommerce/wp-blog-header.php(19): require_once('/var/www/html/T...')
#6 /var/www/html/TRAINING/WORDPRESS/tuto_woocommerce/index.php(17): require('/var/www/html/T...')
#7 {main}
  thrown in /var/www/html/TRAINING/WORDPRESS/tuto_woocommerce/wp-content/themes/woocommerce-shop/header.php on line 42

